06/12/2023 02:24:35 PM:INFO:************************* Test_001_Login *************************
06/12/2023 02:24:35 PM:INFO:************************* Verifying Home Page Title *************************
06/12/2023 02:24:41 PM:INFO:************************* Home page title test is passed *************************
06/12/2023 02:25:00 PM:INFO:************************* Verifying Login Test *************************
06/12/2023 02:25:19 PM:INFO:************************* Login test is passed *************************
06/12/2023 03:03:51 PM:INFO:************************* Test_001_Login *************************
06/12/2023 03:03:51 PM:INFO:************************* Verifying Home Page Title *************************
06/12/2023 03:03:58 PM:INFO:************************* Home page title test is passed *************************
06/12/2023 03:04:12 PM:INFO:************************* Verifying Login Test *************************
06/12/2023 03:04:37 PM:INFO:************************* Login test is passed *************************
06/12/2023 03:06:20 PM:INFO:************************* Test_001_Login *************************
06/12/2023 03:06:20 PM:INFO:************************* Verifying Home Page Title *************************
06/12/2023 03:06:40 PM:INFO:************************* Home page title test is passed *************************
06/12/2023 03:06:57 PM:INFO:************************* Verifying Login Test *************************
06/12/2023 03:07:11 PM:INFO:************************* Login test is passed *************************
06/12/2023 04:15:02 PM:INFO:************************* Verifying Login Test *************************
06/12/2023 04:15:02 PM:INFO:************************* Verifying Home Page Title *************************
06/12/2023 04:15:25 PM:INFO:************************* Home page title test is passed *************************
06/12/2023 04:15:35 PM:INFO:************************* Login test is passed *************************
06/13/2023 11:52:53 AM:INFO:************************* Verifying Login Test *************************
06/13/2023 11:52:53 AM:INFO:************************* Verifying Home Page Title *************************
06/13/2023 11:53:01 AM:INFO:************************* Home page title test is passed *************************
06/13/2023 11:53:12 AM:INFO:************************* Login test is passed *************************
06/13/2023 12:39:01 PM:INFO:************************* Test_002_DDT_Login *************************
06/13/2023 12:39:02 PM:INFO:************************* Verifying Login DDT Test *************************
06/13/2023 12:41:12 PM:INFO:************************* Test_002_DDT_Login *************************
06/13/2023 12:41:12 PM:INFO:************************* Verifying Login DDT Test *************************
06/13/2023 12:41:33 PM:INFO:*** Passed ***
06/13/2023 12:41:35 PM:INFO:Login DDT Test Passed
06/13/2023 12:46:22 PM:INFO:************************* Test_002_DDT_Login *************************
06/13/2023 12:46:22 PM:INFO:************************* Verifying Login DDT Test *************************
06/13/2023 12:46:44 PM:INFO:*** Passed ***
06/13/2023 12:46:47 PM:INFO:Login DDT Test Passed
06/13/2023 12:50:18 PM:INFO:************************* Test_002_DDT_Login *************************
06/13/2023 12:50:18 PM:INFO:************************* Verifying Login DDT Test *************************
06/13/2023 12:50:57 PM:INFO:*** Passed ***
06/13/2023 12:50:59 PM:INFO:Login DDT Test Passed
06/13/2023 12:53:59 PM:INFO:************************* Test_002_DDT_Login *************************
06/13/2023 12:53:59 PM:INFO:************************* Verifying Login DDT Test *************************
06/13/2023 12:55:19 PM:INFO:*** Passed ***
06/13/2023 01:01:34 PM:INFO:************************* Test_002_DDT_Login *************************
06/13/2023 01:01:35 PM:INFO:************************* Verifying Login DDT Test *************************
06/13/2023 01:02:30 PM:INFO:*** Passed ***
06/13/2023 01:02:34 PM:INFO:Login DDT Test Passed
06/14/2023 10:06:05 AM:INFO:************************* Test_002_DDT_Login *************************
06/14/2023 10:06:05 AM:INFO:************************* Verifying Login DDT Test *************************
06/14/2023 10:06:16 AM:INFO:*** Passed ***
06/14/2023 10:06:17 AM:INFO:Login DDT Test Passed
